#! /usr/bin/vvp
:ivl_version "11.0 (stable)";
:ivl_delay_selection "TYPICAL";
:vpi_time_precision + 0;
:vpi_module "/usr/lib/x86_64-linux-gnu/ivl/system.vpi";
:vpi_module "/usr/lib/x86_64-linux-gnu/ivl/vhdl_sys.vpi";
:vpi_module "/usr/lib/x86_64-linux-gnu/ivl/vhdl_textio.vpi";
:vpi_module "/usr/lib/x86_64-linux-gnu/ivl/v2005_math.vpi";
:vpi_module "/usr/lib/x86_64-linux-gnu/ivl/va_math.vpi";
S_0x55d922914d90 .scope module, "Z16DataMemory_tb" "Z16DataMemory_tb" 2 1;
 .timescale 0 0;
v0x55d922964b80_0 .var "i_addr", 15 0;
v0x55d922964c60_0 .var "i_clk", 0 0;
v0x55d922964d30_0 .var "i_data", 15 0;
v0x55d922964e30_0 .var "i_wen", 0 0;
v0x55d922964f00_0 .net "o_data", 15 0, L_0x55d922965350;  1 drivers
S_0x55d922914f20 .scope module, "DataMem" "Z16DataMemory" 2 18, 3 1 0, S_0x55d922914d90;
 .timescale 0 0;
    .port_info 0 /INPUT 1 "i_clk";
    .port_info 1 /INPUT 16 "i_addr";
    .port_info 2 /INPUT 1 "i_wen";
    .port_info 3 /INPUT 16 "i_data";
    .port_info 4 /OUTPUT 16 "o_data";
L_0x55d922965350 .functor BUFZ 16, L_0x55d922964fa0, C4<0000000000000000>, C4<0000000000000000>, C4<0000000000000000>;
v0x55d922950940_0 .net *"_ivl_0", 15 0, L_0x55d922964fa0;  1 drivers
v0x55d922964300_0 .net *"_ivl_3", 9 0, L_0x55d9229650a0;  1 drivers
v0x55d9229643e0_0 .net *"_ivl_4", 11 0, L_0x55d9229651c0;  1 drivers
L_0x7fb78f4e4018 .functor BUFT 1, C4<00>, C4<0>, C4<0>, C4<0>;
v0x55d9229644d0_0 .net *"_ivl_7", 1 0, L_0x7fb78f4e4018;  1 drivers
v0x55d9229645b0_0 .net "i_addr", 15 0, v0x55d922964b80_0;  1 drivers
v0x55d9229646e0_0 .net "i_clk", 0 0, v0x55d922964c60_0;  1 drivers
v0x55d9229647a0_0 .net "i_data", 15 0, v0x55d922964d30_0;  1 drivers
v0x55d922964880_0 .net "i_wen", 0 0, v0x55d922964e30_0;  1 drivers
v0x55d922964940 .array "mem", 0 1023, 15 0;
v0x55d922964a00_0 .net "o_data", 15 0, L_0x55d922965350;  alias, 1 drivers
E_0x55d922952410 .event posedge, v0x55d9229646e0_0;
L_0x55d922964fa0 .array/port v0x55d922964940, L_0x55d9229651c0;
L_0x55d9229650a0 .part v0x55d922964b80_0, 1, 10;
L_0x55d9229651c0 .concat [ 10 2 0 0], L_0x55d9229650a0, L_0x7fb78f4e4018;
    .scope S_0x55d922914f20;
T_0 ;
    %wait E_0x55d922952410;
    %load/vec4 v0x55d922964880_0;
    %flag_set/vec4 8;
    %jmp/0xz  T_0.0, 8;
    %load/vec4 v0x55d9229647a0_0;
    %load/vec4 v0x55d9229645b0_0;
    %parti/s 11, 0, 2;
    %pad/u 12;
    %ix/vec4 3;
    %ix/load 4, 0, 0; Constant delay
    %assign/vec4/a/d v0x55d922964940, 0, 4;
T_0.0 ;
    %jmp T_0;
    .thread T_0;
    .scope S_0x55d922914d90;
T_1 ;
    %pushi/vec4 0, 0, 1;
    %store/vec4 v0x55d922964c60_0, 0, 1;
    %end;
    .thread T_1;
    .scope S_0x55d922914d90;
T_2 ;
    %delay 1, 0;
    %load/vec4 v0x55d922964c60_0;
    %inv;
    %store/vec4 v0x55d922964c60_0, 0, 1;
    %jmp T_2;
    .thread T_2;
    .scope S_0x55d922914d90;
T_3 ;
    %vpi_call 2 14 "$dumpfile", "wave.vcd" {0 0 0};
    %vpi_call 2 15 "$dumpvars", 32'sb00000000000000000000000000000000, S_0x55d922914d90 {0 0 0};
    %end;
    .thread T_3;
    .scope S_0x55d922914d90;
T_4 ;
    %pushi/vec4 0, 0, 1;
    %store/vec4 v0x55d922964e30_0, 0, 1;
    %delay 2, 0;
    %pushi/vec4 1, 0, 1;
    %store/vec4 v0x55d922964e30_0, 0, 1;
    %pushi/vec4 256, 0, 16;
    %store/vec4 v0x55d922964b80_0, 0, 16;
    %pushi/vec4 21845, 0, 16;
    %store/vec4 v0x55d922964d30_0, 0, 16;
    %delay 2, 0;
    %pushi/vec4 0, 0, 1;
    %store/vec4 v0x55d922964e30_0, 0, 1;
    %pushi/vec4 0, 0, 16;
    %store/vec4 v0x55d922964b80_0, 0, 16;
    %delay 2, 0;
    %pushi/vec4 256, 0, 16;
    %store/vec4 v0x55d922964b80_0, 0, 16;
    %delay 2, 0;
    %vpi_call 2 38 "$finish" {0 0 0};
    %end;
    .thread T_4;
# The file index is used to find the file name in the following table.
:file_names 4;
    "N/A";
    "<interactive>";
    "cpu/Z16DataMemory_tb.v";
    "cpu/Z16DataMemory.v";
