#! /usr/bin/vvp
:ivl_version "11.0 (stable)";
:ivl_delay_selection "TYPICAL";
:vpi_time_precision + 0;
:vpi_module "/usr/lib/x86_64-linux-gnu/ivl/system.vpi";
:vpi_module "/usr/lib/x86_64-linux-gnu/ivl/vhdl_sys.vpi";
:vpi_module "/usr/lib/x86_64-linux-gnu/ivl/vhdl_textio.vpi";
:vpi_module "/usr/lib/x86_64-linux-gnu/ivl/v2005_math.vpi";
:vpi_module "/usr/lib/x86_64-linux-gnu/ivl/va_math.vpi";
S_0x56455caebd90 .scope module, "Z16RegisterFile_tb" "Z16RegisterFile_tb" 2 1;
 .timescale 0 0;
v0x56455cb41b70_0 .var "i_clk", 0 0;
v0x56455cb41c30_0 .var "i_rd_addr", 3 0;
v0x56455cb41d00_0 .var "i_rd_data", 15 0;
v0x56455cb41e00_0 .var "i_rd_wen", 0 0;
v0x56455cb41ed0_0 .var "i_rs1_addr", 3 0;
v0x56455cb41f70_0 .var "i_rs2_addr", 3 0;
v0x56455cb42040_0 .net "o_rs1_data", 15 0, L_0x56455cb525a0;  1 drivers
v0x56455cb42110_0 .net "o_rs2_data", 15 0, L_0x56455cb52b60;  1 drivers
S_0x56455caebf20 .scope module, "Regfile" "Z16RegisterFile" 2 22, 3 1 0, S_0x56455caebd90;
 .timescale 0 0;
    .port_info 0 /INPUT 1 "i_clk";
    .port_info 1 /INPUT 4 "i_rs1_addr";
    .port_info 2 /OUTPUT 16 "o_rs1_data";
    .port_info 3 /INPUT 4 "i_rs2_addr";
    .port_info 4 /OUTPUT 16 "o_rs2_data";
    .port_info 5 /INPUT 4 "i_rd_addr";
    .port_info 6 /INPUT 1 "i_rd_wen";
    .port_info 7 /INPUT 16 "i_rd_data";
L_0x7f7b2cbcf018 .functor BUFT 1, C4<0000>, C4<0>, C4<0>, C4<0>;
v0x56455cb28b30_0 .net/2u *"_ivl_0", 3 0, L_0x7f7b2cbcf018;  1 drivers
L_0x7f7b2cbcf0a8 .functor BUFT 1, C4<00>, C4<0>, C4<0>, C4<0>;
v0x56455cb40960_0 .net *"_ivl_11", 1 0, L_0x7f7b2cbcf0a8;  1 drivers
L_0x7f7b2cbcf0f0 .functor BUFT 1, C4<0000>, C4<0>, C4<0>, C4<0>;
v0x56455cb40a40_0 .net/2u *"_ivl_14", 3 0, L_0x7f7b2cbcf0f0;  1 drivers
v0x56455cb40b00_0 .net *"_ivl_16", 0 0, L_0x56455cb527b0;  1 drivers
L_0x7f7b2cbcf138 .functor BUFT 1, C4<0000000000000000>, C4<0>, C4<0>, C4<0>;
v0x56455cb40bc0_0 .net/2u *"_ivl_18", 15 0, L_0x7f7b2cbcf138;  1 drivers
v0x56455cb40cf0_0 .net *"_ivl_2", 0 0, L_0x56455cb42210;  1 drivers
v0x56455cb40db0_0 .net *"_ivl_20", 15 0, L_0x56455cb52940;  1 drivers
v0x56455cb40e90_0 .net *"_ivl_22", 5 0, L_0x56455cb52a20;  1 drivers
L_0x7f7b2cbcf180 .functor BUFT 1, C4<00>, C4<0>, C4<0>, C4<0>;
v0x56455cb40f70_0 .net *"_ivl_25", 1 0, L_0x7f7b2cbcf180;  1 drivers
L_0x7f7b2cbcf060 .functor BUFT 1, C4<0000000000000000>, C4<0>, C4<0>, C4<0>;
v0x56455cb41050_0 .net/2u *"_ivl_4", 15 0, L_0x7f7b2cbcf060;  1 drivers
v0x56455cb41130_0 .net *"_ivl_6", 15 0, L_0x56455cb52390;  1 drivers
v0x56455cb41210_0 .net *"_ivl_8", 5 0, L_0x56455cb52460;  1 drivers
v0x56455cb412f0_0 .net "i_clk", 0 0, v0x56455cb41b70_0;  1 drivers
v0x56455cb413b0_0 .net "i_rd_addr", 3 0, v0x56455cb41c30_0;  1 drivers
v0x56455cb41490_0 .net "i_rd_data", 15 0, v0x56455cb41d00_0;  1 drivers
v0x56455cb41570_0 .net "i_rd_wen", 0 0, v0x56455cb41e00_0;  1 drivers
v0x56455cb41630_0 .net "i_rs1_addr", 3 0, v0x56455cb41ed0_0;  1 drivers
v0x56455cb41710_0 .net "i_rs2_addr", 3 0, v0x56455cb41f70_0;  1 drivers
v0x56455cb417f0 .array "mem", 0 15, 15 0;
v0x56455cb418b0_0 .net "o_rs1_data", 15 0, L_0x56455cb525a0;  alias, 1 drivers
v0x56455cb41990_0 .net "o_rs2_data", 15 0, L_0x56455cb52b60;  alias, 1 drivers
E_0x56455cb29a00 .event posedge, v0x56455cb412f0_0;
L_0x56455cb42210 .cmp/eq 4, v0x56455cb41ed0_0, L_0x7f7b2cbcf018;
L_0x56455cb52390 .array/port v0x56455cb417f0, L_0x56455cb52460;
L_0x56455cb52460 .concat [ 4 2 0 0], v0x56455cb41ed0_0, L_0x7f7b2cbcf0a8;
L_0x56455cb525a0 .functor MUXZ 16, L_0x56455cb52390, L_0x7f7b2cbcf060, L_0x56455cb42210, C4<>;
L_0x56455cb527b0 .cmp/eq 4, v0x56455cb41f70_0, L_0x7f7b2cbcf0f0;
L_0x56455cb52940 .array/port v0x56455cb417f0, L_0x56455cb52a20;
L_0x56455cb52a20 .concat [ 4 2 0 0], v0x56455cb41f70_0, L_0x7f7b2cbcf180;
L_0x56455cb52b60 .functor MUXZ 16, L_0x56455cb52940, L_0x7f7b2cbcf138, L_0x56455cb527b0, C4<>;
    .scope S_0x56455caebf20;
T_0 ;
    %wait E_0x56455cb29a00;
    %load/vec4 v0x56455cb41570_0;
    %flag_set/vec4 8;
    %jmp/0xz  T_0.0, 8;
    %load/vec4 v0x56455cb41490_0;
    %load/vec4 v0x56455cb413b0_0;
    %pad/u 6;
    %ix/vec4 3;
    %ix/load 4, 0, 0; Constant delay
    %assign/vec4/a/d v0x56455cb417f0, 0, 4;
    %jmp T_0.1;
T_0.0 ;
    %load/vec4 v0x56455cb413b0_0;
    %pad/u 6;
    %ix/vec4 4;
    %load/vec4a v0x56455cb417f0, 4;
    %load/vec4 v0x56455cb413b0_0;
    %pad/u 6;
    %ix/vec4 3;
    %ix/load 4, 0, 0; Constant delay
    %assign/vec4/a/d v0x56455cb417f0, 0, 4;
T_0.1 ;
    %jmp T_0;
    .thread T_0;
    .scope S_0x56455caebd90;
T_1 ;
    %pushi/vec4 0, 0, 1;
    %store/vec4 v0x56455cb41b70_0, 0, 1;
    %end;
    .thread T_1;
    .scope S_0x56455caebd90;
T_2 ;
    %delay 1, 0;
    %load/vec4 v0x56455cb41b70_0;
    %inv;
    %assign/vec4 v0x56455cb41b70_0, 0;
    %jmp T_2;
    .thread T_2;
    .scope S_0x56455caebd90;
T_3 ;
    %vpi_call 2 18 "$dumpfile", "wave.vcd" {0 0 0};
    %vpi_call 2 19 "$dumpvars", 32'sb00000000000000000000000000000000, S_0x56455caebd90 {0 0 0};
    %end;
    .thread T_3;
    .scope S_0x56455caebd90;
T_4 ;
    %pushi/vec4 0, 0, 1;
    %store/vec4 v0x56455cb41e00_0, 0, 1;
    %pushi/vec4 0, 0, 4;
    %store/vec4 v0x56455cb41ed0_0, 0, 4;
    %pushi/vec4 0, 0, 4;
    %store/vec4 v0x56455cb41f70_0, 0, 4;
    %delay 2, 0;
    %pushi/vec4 1, 0, 1;
    %store/vec4 v0x56455cb41e00_0, 0, 1;
    %pushi/vec4 10, 0, 4;
    %store/vec4 v0x56455cb41c30_0, 0, 4;
    %pushi/vec4 21845, 0, 16;
    %store/vec4 v0x56455cb41d00_0, 0, 16;
    %delay 2, 0;
    %pushi/vec4 0, 0, 1;
    %store/vec4 v0x56455cb41e00_0, 0, 1;
    %delay 2, 0;
    %pushi/vec4 10, 0, 4;
    %store/vec4 v0x56455cb41ed0_0, 0, 4;
    %delay 2, 0;
    %pushi/vec4 10, 0, 4;
    %store/vec4 v0x56455cb41f70_0, 0, 4;
    %delay 2, 0;
    %vpi_call 2 48 "$finish" {0 0 0};
    %end;
    .thread T_4;
# The file index is used to find the file name in the following table.
:file_names 4;
    "N/A";
    "<interactive>";
    "Z16RegisterFile_tb.v";
    "Z16RegisterFile.v";
