#! /usr/bin/vvp
:ivl_version "11.0 (stable)";
:ivl_delay_selection "TYPICAL";
:vpi_time_precision + 0;
:vpi_module "/usr/lib/x86_64-linux-gnu/ivl/system.vpi";
:vpi_module "/usr/lib/x86_64-linux-gnu/ivl/vhdl_sys.vpi";
:vpi_module "/usr/lib/x86_64-linux-gnu/ivl/vhdl_textio.vpi";
:vpi_module "/usr/lib/x86_64-linux-gnu/ivl/v2005_math.vpi";
:vpi_module "/usr/lib/x86_64-linux-gnu/ivl/va_math.vpi";
S_0x55cc0b4cad90 .scope module, "problem6_tb" "problem6_tb" 2 1;
 .timescale 0 0;
v0x55cc0b51c490_0 .var "i_clk", 0 0;
v0x55cc0b51c550_0 .var "i_data", 15 0;
v0x55cc0b51c620_0 .var "i_rst", 0 0;
v0x55cc0b51c720_0 .net "o_p", 2 0, v0x55cc0b51c330_0;  1 drivers
S_0x55cc0b4caf20 .scope module, "DUT" "problem6" 2 12, 3 1 0, S_0x55cc0b4cad90;
 .timescale 0 0;
    .port_info 0 /INPUT 1 "i_clk";
    .port_info 1 /INPUT 1 "i_rst";
    .port_info 2 /INPUT 16 "i_data";
    .port_info 3 /OUTPUT 3 "o_data";
v0x55cc0b4cc7b0_0 .net "i_clk", 0 0, v0x55cc0b51c490_0;  1 drivers
v0x55cc0b4ccba0_0 .net "i_data", 15 0, v0x55cc0b51c550_0;  1 drivers
v0x55cc0b51c290_0 .net "i_rst", 0 0, v0x55cc0b51c620_0;  1 drivers
v0x55cc0b51c330_0 .var "o_data", 2 0;
E_0x55cc0b5088c0 .event posedge, v0x55cc0b4cc7b0_0;
    .scope S_0x55cc0b4caf20;
T_0 ;
    %wait E_0x55cc0b5088c0;
    %load/vec4 v0x55cc0b51c290_0;
    %flag_set/vec4 8;
    %jmp/0xz  T_0.0, 8;
    %pushi/vec4 0, 0, 3;
    %store/vec4 v0x55cc0b51c330_0, 0, 3;
    %jmp T_0.1;
T_0.0 ;
    %load/vec4 v0x55cc0b4ccba0_0;
    %parti/s 2, 0, 2;
    %dup/vec4;
    %pushi/vec4 0, 0, 2;
    %cmp/u;
    %jmp/1 T_0.2, 6;
    %dup/vec4;
    %pushi/vec4 1, 0, 2;
    %cmp/u;
    %jmp/1 T_0.3, 6;
    %dup/vec4;
    %pushi/vec4 2, 0, 2;
    %cmp/u;
    %jmp/1 T_0.4, 6;
    %dup/vec4;
    %pushi/vec4 3, 0, 2;
    %cmp/u;
    %jmp/1 T_0.5, 6;
    %jmp T_0.6;
T_0.2 ;
    %load/vec4 v0x55cc0b4ccba0_0;
    %parti/s 3, 2, 3;
    %store/vec4 v0x55cc0b51c330_0, 0, 3;
    %jmp T_0.6;
T_0.3 ;
    %load/vec4 v0x55cc0b4ccba0_0;
    %parti/s 3, 5, 4;
    %store/vec4 v0x55cc0b51c330_0, 0, 3;
    %jmp T_0.6;
T_0.4 ;
    %load/vec4 v0x55cc0b4ccba0_0;
    %parti/s 3, 8, 5;
    %store/vec4 v0x55cc0b51c330_0, 0, 3;
    %jmp T_0.6;
T_0.5 ;
    %load/vec4 v0x55cc0b4ccba0_0;
    %parti/s 3, 11, 5;
    %store/vec4 v0x55cc0b51c330_0, 0, 3;
    %jmp T_0.6;
T_0.6 ;
    %pop/vec4 1;
T_0.1 ;
    %jmp T_0;
    .thread T_0;
    .scope S_0x55cc0b4cad90;
T_1 ;
    %pushi/vec4 0, 0, 1;
    %store/vec4 v0x55cc0b51c490_0, 0, 1;
    %pushi/vec4 0, 0, 1;
    %store/vec4 v0x55cc0b51c620_0, 0, 1;
    %pushi/vec4 9028, 0, 16;
    %store/vec4 v0x55cc0b51c550_0, 0, 16;
    %end;
    .thread T_1;
    .scope S_0x55cc0b4cad90;
T_2 ;
    %vpi_call 2 8 "$dumpfile", "wave.vcd" {0 0 0};
    %vpi_call 2 9 "$dumpvars", 32'sb00000000000000000000000000000000, S_0x55cc0b4caf20 {0 0 0};
    %end;
    .thread T_2;
    .scope S_0x55cc0b4cad90;
T_3 ;
    %delay 1, 0;
    %load/vec4 v0x55cc0b51c490_0;
    %inv;
    %store/vec4 v0x55cc0b51c490_0, 0, 1;
    %jmp T_3;
    .thread T_3;
    .scope S_0x55cc0b4cad90;
T_4 ;
    %pushi/vec4 0, 0, 2;
    %ix/load 4, 0, 0;
    %flag_set/imm 4, 0;
    %store/vec4 v0x55cc0b51c550_0, 4, 2;
    %delay 10, 0;
    %vpi_call 2 26 "$display", "i_data: %016b, o_data: %03b", v0x55cc0b51c550_0, v0x55cc0b51c720_0 {0 0 0};
    %pushi/vec4 1, 0, 2;
    %ix/load 4, 0, 0;
    %flag_set/imm 4, 0;
    %store/vec4 v0x55cc0b51c550_0, 4, 2;
    %delay 10, 0;
    %vpi_call 2 29 "$display", "i_data: %016b, o_data: %03b", v0x55cc0b51c550_0, v0x55cc0b51c720_0 {0 0 0};
    %pushi/vec4 2, 0, 2;
    %ix/load 4, 0, 0;
    %flag_set/imm 4, 0;
    %store/vec4 v0x55cc0b51c550_0, 4, 2;
    %vpi_call 2 31 "$display", "i_data: %016b, o_data: %03b", v0x55cc0b51c550_0, v0x55cc0b51c720_0 {0 0 0};
    %pushi/vec4 3, 0, 2;
    %ix/load 4, 0, 0;
    %flag_set/imm 4, 0;
    %store/vec4 v0x55cc0b51c550_0, 4, 2;
    %delay 10, 0;
    %vpi_call 2 34 "$display", "i_data: %016b, o_data: %03b", v0x55cc0b51c550_0, v0x55cc0b51c720_0 {0 0 0};
    %pushi/vec4 1, 0, 1;
    %store/vec4 v0x55cc0b51c620_0, 0, 1;
    %delay 10, 0;
    %vpi_call 2 37 "$display", "i_data: %016b, o_data: %03b", v0x55cc0b51c550_0, v0x55cc0b51c720_0 {0 0 0};
    %vpi_call 2 38 "$finish" {0 0 0};
    %end;
    .thread T_4;
# The file index is used to find the file name in the following table.
:file_names 4;
    "N/A";
    "<interactive>";
    "problem6_tb.v";
    "problem6.v";
